Arguments: 
  D:\Programas\nodejs\node.exe C:\Program Files (x86)\Yarn\bin\yarn.js

PATH: 
  C:\Program Files\Git\mingw64\bin;C:\Program Files\Git\usr\bin;C:\Users\xxyyxx\bin;C:\Program Files (x86)\Common Files\Oracle\Java\javapath;C:\Program Files (x86)\Intel\iCLS Client;C:\Program Files\Intel\iCLS Client;C:\WINDOWS\system32;C:\WINDOWS;C:\WINDOWS\System32\Wbem;C:\WINDOWS\System32\WindowsPowerShell\v1.0;C:\Program Files (x86)\Intel\Intel(R) Management Engine Components\DAL;C:\Program Files\Intel\Intel(R) Management Engine Components\DAL;C:\Program Files (x86)\Intel\Intel(R) Management Engine Components\IPT;C:\Program Files\Intel\Intel(R) Management Engine Components\IPT;C:\Program Files\Intel\WiFi\bin;C:\Program Files\Common Files\Intel\WirelessCommon;C:\WINDOWS\System32\OpenSSH;C:\Program Files (x86)\NVIDIA Corporation\PhysX\Common;D:\Programas\python;D:\Programas\python\Scripts;C:\Program Files (x86)\Yarn\bin;C:\Program Files\Git\cmd;C:\Program Files\PuTTY;C:\Program Files\Microsoft VS Code\bin;C:\Program Files\PostgreSQL\10\bin;C:\ProgramData\chocolatey\bin;C:\Program Files\Java\jdk1.8.0_191\bin;C:\Program Files\NVIDIA Corporation\NVIDIA NvDLISR;D:\Programas\GitExtesion;D:\Programas\nodejs;C:\Ruby23\bin;C:\Program Files\Intel\WiFi\bin;C:\Program Files\Common Files\Intel\WirelessCommon;C:\Users\xxyyxx\AppData\Local\atom\bin;C:\Users\xxyyxx\AppData\Local\Microsoft\WindowsApps;C:\Users\xxyyxx\AppData\Local\Yarn\bin;C:\Program Files\heroku\bin;D:\Estudos\Programacao\GoWeek\Android-SDK\platform-tools;D:\Estudos\Programacao\GoWeek\Android-SDK\tools;C:\Users\xxyyxx\AppData\Local\hyper\app-3.0.2\resources\bin;C:\Users\xxyyxx\AppData\Roaming\npm

Yarn version: 
  1.7.0

Node version: 
  10.16.3

Platform: 
  win32 x64

Trace: 
  Error: https://registry.yarnpkg.com/metro/-/metro-0.51.1.tgz: ENOSPC: no space left on device, write

npm manifest: 
  {
    "main": "node_modules/expo/AppEntry.js",
    "scripts": {
      "start": "expo start",
      "android": "expo start --android",
      "ios": "expo start --ios",
      "web": "expo start --web",
      "eject": "expo eject"
    },
    "dependencies": {
      "expo": "^35.0.0",
      "react": "16.8.3",
      "react-dom": "16.8.3",
      "react-native": "https://github.com/expo/react-native/archive/sdk-35.0.0.tar.gz",
      "react-native-web": "^0.11.7"
    },
    "devDependencies": {
      "babel-preset-expo": "^7.0.0"
    },
    "private": true
  }

yarn manifest: 
  No manifest

Lockfile: 
  No lockfile
